<?xml version="1.0" encoding="utf-8"?><testsuites name="pytest tests"><testsuite name="pytest" errors="0" failures="0" skipped="0" tests="20" time="12.120" timestamp="2026-02-04T15:37:49+00:00" hostname="agent-env-c435ebce-aacf-49ef-bbaf-32f0e8e35f5e"><testcase classname="backend.tests.test_dadrock_api.TestPublicEndpoints" name="test_api_root" time="0.495" /><testcase classname="backend.tests.test_dadrock_api.TestPublicEndpoints" name="test_get_videos_no_search" time="0.460" /><testcase classname="backend.tests.test_dadrock_api.TestPublicEndpoints" name="test_search_videos_by_song" time="0.466" /><testcase classname="backend.tests.test_dadrock_api.TestPublicEndpoints" name="test_search_videos_by_artist" time="0.456" /><testcase classname="backend.tests.test_dadrock_api.TestPublicEndpoints" name="test_search_videos_all_type" time="0.453" /><testcase classname="backend.tests.test_dadrock_api.TestPublicEndpoints" name="test_get_single_video" time="0.699" /><testcase classname="backend.tests.test_dadrock_api.TestPublicEndpoints" name="test_get_nonexistent_video" time="0.453" /><testcase classname="backend.tests.test_dadrock_api.TestPublicEndpoints" name="test_video_response_structure" time="0.351" /><testcase classname="backend.tests.test_dadrock_api.TestAdminLogin" name="test_admin_login_success" time="0.765" /><testcase classname="backend.tests.test_dadrock_api.TestAdminLogin" name="test_admin_login_wrong_password" time="0.449" /><testcase classname="backend.tests.test_dadrock_api.TestAdminLogin" name="test_admin_login_empty_password" time="0.366" /><testcase classname="backend.tests.test_dadrock_api.TestAdminProtectedEndpoints" name="test_admin_stats" time="0.482" /><testcase classname="backend.tests.test_dadrock_api.TestAdminProtectedEndpoints" name="test_admin_stats_unauthorized" time="0.457" /><testcase classname="backend.tests.test_dadrock_api.TestAdminProtectedEndpoints" name="test_admin_create_video" time="0.797" /><testcase classname="backend.tests.test_dadrock_api.TestAdminProtectedEndpoints" name="test_admin_update_video" time="1.606" /><testcase classname="backend.tests.test_dadrock_api.TestAdminProtectedEndpoints" name="test_admin_delete_video" time="1.145" /><testcase classname="backend.tests.test_dadrock_api.TestSEOEndpoints" name="test_sitemap" time="0.359" /><testcase classname="backend.tests.test_dadrock_api.TestSEOEndpoints" name="test_robots_txt" time="0.708" /><testcase classname="backend.tests.test_dadrock_api.TestPagination" name="test_pagination_limit" time="0.346" /><testcase classname="backend.tests.test_dadrock_api.TestPagination" name="test_pagination_skip" time="0.694" /></testsuite></testsuites>